<?xml version="1.0" encoding="UTF-8"?>
<testng-results skipped="9" failed="0" total="9" passed="0">
  <reporter-output>
  </reporter-output>
  <suite name="Surefire suite" duration-ms="119" started-at="2017-04-08T16:12:15Z" finished-at="2017-04-08T16:12:15Z">
    <groups>
    </groups>
    <test name="Surefire test" duration-ms="119" started-at="2017-04-08T16:12:15Z" finished-at="2017-04-08T16:12:15Z">
      <class name="auto.DataProviderTest">
        <test-method status="SKIP" signature="oneTimeSetUp()[pri:0, instance:auto.DataProviderTest@62043840]" name="oneTimeSetUp" is-config="true" duration-ms="0" started-at="2017-04-08T21:42:15Z" finished-at="2017-04-08T21:42:15Z">
          <reporter-output>
          </reporter-output>
        </test-method> <!-- oneTimeSetUp -->
        <test-method status="SKIP" signature="testDataProviderWithExcel()[pri:0, instance:auto.DataProviderTest@62043840]" name="testDataProviderWithExcel" duration-ms="1" started-at="2017-04-08T21:42:15Z" finished-at="2017-04-08T21:42:15Z">
          <reporter-output>
          </reporter-output>
        </test-method> <!-- testDataProviderWithExcel -->
        <test-method status="SKIP" signature="testDataProviderWithTestNgAnnotation(java.lang.String, java.lang.String)[pri:0, instance:auto.DataProviderTest@62043840]" name="testDataProviderWithTestNgAnnotation" duration-ms="1" started-at="2017-04-08T21:42:15Z" data-provider="Credentials" finished-at="2017-04-08T21:42:15Z">
          <params>
            <param index="0">
              <value>
                <![CDATA[invalidUserName]]>
              </value>
            </param>
            <param index="1">
              <value>
                <![CDATA[invalidUserName]]>
              </value>
            </param>
          </params>
          <reporter-output>
          </reporter-output>
        </test-method> <!-- testDataProviderWithTestNgAnnotation -->
        <test-method status="SKIP" signature="testDataProviderWithTestNgAnnotation(java.lang.String, java.lang.String)[pri:0, instance:auto.DataProviderTest@62043840]" name="testDataProviderWithTestNgAnnotation" duration-ms="0" started-at="2017-04-08T21:42:15Z" data-provider="Credentials" finished-at="2017-04-08T21:42:15Z">
          <params>
            <param index="0">
              <value>
                <![CDATA[admin@gen-etech.com]]>
              </value>
            </param>
            <param index="1">
              <value>
                <![CDATA[geneAdmin@123]]>
              </value>
            </param>
          </params>
          <reporter-output>
          </reporter-output>
        </test-method> <!-- testDataProviderWithTestNgAnnotation -->
        <test-method status="SKIP" signature="oneTimeTearDown()[pri:0, instance:auto.DataProviderTest@62043840]" name="oneTimeTearDown" is-config="true" duration-ms="0" started-at="2017-04-08T21:42:15Z" finished-at="2017-04-08T21:42:15Z">
          <reporter-output>
          </reporter-output>
        </test-method> <!-- oneTimeTearDown -->
      </class> <!-- auto.DataProviderTest -->
      <class name="auto.LoginTest">
        <test-method status="SKIP" signature="oneTimeSetUp()[pri:0, instance:auto.LoginTest@246ae04d]" name="oneTimeSetUp" is-config="true" duration-ms="0" started-at="2017-04-08T21:42:15Z" finished-at="2017-04-08T21:42:15Z">
          <reporter-output>
          </reporter-output>
        </test-method> <!-- oneTimeSetUp -->
        <test-method status="SKIP" signature="testLoginWithInValidCredentials()[pri:0, instance:auto.LoginTest@246ae04d]" name="testLoginWithInValidCredentials" duration-ms="0" started-at="2017-04-08T21:42:15Z" finished-at="2017-04-08T21:42:15Z">
          <reporter-output>
          </reporter-output>
        </test-method> <!-- testLoginWithInValidCredentials -->
        <test-method status="SKIP" signature="testLoginWithValidCredentials()[pri:0, instance:auto.LoginTest@246ae04d]" name="testLoginWithValidCredentials" duration-ms="0" started-at="2017-04-08T21:42:15Z" finished-at="2017-04-08T21:42:15Z">
          <reporter-output>
          </reporter-output>
        </test-method> <!-- testLoginWithValidCredentials -->
        <test-method status="SKIP" signature="oneTimeTearDown()[pri:0, instance:auto.LoginTest@246ae04d]" name="oneTimeTearDown" is-config="true" duration-ms="0" started-at="2017-04-08T21:42:15Z" finished-at="2017-04-08T21:42:15Z">
          <reporter-output>
          </reporter-output>
        </test-method> <!-- oneTimeTearDown -->
        <test-method status="SKIP" signature="testSubmitButtonDisabledAfterLoadPage()[pri:0, instance:auto.LoginTest@246ae04d]" name="testSubmitButtonDisabledAfterLoadPage" duration-ms="0" started-at="2017-04-08T21:42:15Z" finished-at="2017-04-08T21:42:15Z">
          <reporter-output>
          </reporter-output>
        </test-method> <!-- testSubmitButtonDisabledAfterLoadPage -->
      </class> <!-- auto.LoginTest -->
      <class name="auto.CopyOfDataProviderTest">
        <test-method status="FAIL" signature="oneTimeSetUp()[pri:0, instance:auto.CopyOfDataProviderTest@5315b42e]" name="oneTimeSetUp" is-config="true" duration-ms="0" started-at="2017-04-08T21:42:15Z" finished-at="2017-04-08T21:42:15Z">
          <exception class="java.lang.NullPointerException">
            <full-stacktrace>
              <![CDATA[java.lang.NullPointerException
	at utils.WebDriverUtils.startWebDriver(WebDriverUtils.java:49)
	at auto.TestBase.startWebdriver(TestBase.java:55)
	at auto.TestBase.oneTimeSetUp(TestBase.java:34)
	at sun.reflect.NativeMethodAccessorImpl.invoke0(Native Method)
	at sun.reflect.NativeMethodAccessorImpl.invoke(Unknown Source)
	at sun.reflect.DelegatingMethodAccessorImpl.invoke(Unknown Source)
	at java.lang.reflect.Method.invoke(Unknown Source)
	at org.testng.internal.MethodInvocationHelper.invokeMethod(MethodInvocationHelper.java:85)
	at org.testng.internal.Invoker.invokeConfigurationMethod(Invoker.java:517)
	at org.testng.internal.Invoker.invokeConfigurations(Invoker.java:213)
	at org.testng.internal.Invoker.invokeConfigurations(Invoker.java:140)
	at org.testng.internal.TestMethodWorker.invokeBeforeClassMethods(TestMethodWorker.java:170)
	at org.testng.internal.TestMethodWorker.run(TestMethodWorker.java:104)
	at org.testng.TestRunner.privateRun(TestRunner.java:771)
	at org.testng.TestRunner.run(TestRunner.java:621)
	at org.testng.SuiteRunner.runTest(SuiteRunner.java:357)
	at org.testng.SuiteRunner.runSequentially(SuiteRunner.java:352)
	at org.testng.SuiteRunner.privateRun(SuiteRunner.java:310)
	at org.testng.SuiteRunner.run(SuiteRunner.java:259)
	at org.testng.SuiteRunnerWorker.runSuite(SuiteRunnerWorker.java:52)
	at org.testng.SuiteRunnerWorker.run(SuiteRunnerWorker.java:86)
	at org.testng.TestNG.runSuitesSequentially(TestNG.java:1199)
	at org.testng.TestNG.runSuitesLocally(TestNG.java:1124)
	at org.testng.TestNG.run(TestNG.java:1032)
	at org.apache.maven.surefire.testng.TestNGExecutor.run(TestNGExecutor.java:115)
	at org.apache.maven.surefire.testng.TestNGDirectoryTestSuite.executeMulti(TestNGDirectoryTestSuite.java:205)
	at org.apache.maven.surefire.testng.TestNGDirectoryTestSuite.execute(TestNGDirectoryTestSuite.java:108)
	at org.apache.maven.surefire.testng.TestNGProvider.invoke(TestNGProvider.java:111)
	at org.apache.maven.surefire.booter.ForkedBooter.invokeProviderInSameClassLoader(ForkedBooter.java:203)
	at org.apache.maven.surefire.booter.ForkedBooter.runSuitesInProcess(ForkedBooter.java:155)
	at org.apache.maven.surefire.booter.ForkedBooter.main(ForkedBooter.java:103)
]]>
            </full-stacktrace>
          </exception> <!-- java.lang.NullPointerException -->
          <reporter-output>
          </reporter-output>
        </test-method> <!-- oneTimeSetUp -->
        <test-method status="SKIP" signature="testDataProviderWithExcel()[pri:0, instance:auto.CopyOfDataProviderTest@5315b42e]" name="testDataProviderWithExcel" duration-ms="0" started-at="2017-04-08T21:42:15Z" finished-at="2017-04-08T21:42:15Z">
          <reporter-output>
          </reporter-output>
        </test-method> <!-- testDataProviderWithExcel -->
        <test-method status="SKIP" signature="testDataProviderWithTestNgAnnotation(java.lang.String, java.lang.String)[pri:0, instance:auto.CopyOfDataProviderTest@5315b42e]" name="testDataProviderWithTestNgAnnotation" duration-ms="0" started-at="2017-04-08T21:42:15Z" data-provider="Credentials" finished-at="2017-04-08T21:42:15Z">
          <params>
            <param index="0">
              <value>
                <![CDATA[admin@gen-etech.com]]>
              </value>
            </param>
            <param index="1">
              <value>
                <![CDATA[geneAdmin@123]]>
              </value>
            </param>
          </params>
          <reporter-output>
          </reporter-output>
        </test-method> <!-- testDataProviderWithTestNgAnnotation -->
        <test-method status="SKIP" signature="oneTimeTearDown()[pri:0, instance:auto.CopyOfDataProviderTest@5315b42e]" name="oneTimeTearDown" is-config="true" duration-ms="0" started-at="2017-04-08T21:42:15Z" finished-at="2017-04-08T21:42:15Z">
          <reporter-output>
          </reporter-output>
        </test-method> <!-- oneTimeTearDown -->
        <test-method status="SKIP" signature="testDataProviderWithTestNgAnnotation(java.lang.String, java.lang.String)[pri:0, instance:auto.CopyOfDataProviderTest@5315b42e]" name="testDataProviderWithTestNgAnnotation" duration-ms="0" started-at="2017-04-08T21:42:15Z" data-provider="Credentials" finished-at="2017-04-08T21:42:15Z">
          <params>
            <param index="0">
              <value>
                <![CDATA[invalidUserName]]>
              </value>
            </param>
            <param index="1">
              <value>
                <![CDATA[invalidUserName]]>
              </value>
            </param>
          </params>
          <reporter-output>
          </reporter-output>
        </test-method> <!-- testDataProviderWithTestNgAnnotation -->
      </class> <!-- auto.CopyOfDataProviderTest -->
    </test> <!-- Surefire test -->
  </suite> <!-- Surefire suite -->
</testng-results>
