<?xml version="1.0" encoding="UTF-8"?>
<testsuite name="TestSuite" time="0.655" tests="15" errors="0" skipped="14" failures="1">
  <properties>
[...]
</properties>
  <testcase name="oneTimeSetUp" classname="auto.CopyOfDataProviderTest" time="0.655">
    <failure type="java.lang.NullPointerException:">java.lang.NullPointerException: null
	at utils.WebDriverUtils.startWebDriver(WebDriverUtils.java:49)
	at auto.TestBase.startWebdriver(TestBase.java:55)
	at auto.TestBase.oneTimeSetUp(TestBase.java:34)
	at sun.reflect.NativeMethodAccessorImpl.invoke0(Native Method)
	at sun.reflect.NativeMethodAccessorImpl.invoke(Unknown Source)
	at sun.reflect.DelegatingMethodAccessorImpl.invoke(Unknown Source)
	at java.lang.reflect.Method.invoke(Unknown Source)
	at org.testng.internal.MethodInvocationHelper.invokeMethod(MethodInvocationHelper.java:85)
	at org.testng.internal.Invoker.invokeConfigurationMethod(Invoker.java:517)
	at org.testng.internal.Invoker.invokeConfigurations(Invoker.java:213)
	at org.testng.internal.Invoker.invokeConfigurations(Invoker.java:140)
	at org.testng.internal.TestMethodWorker.invokeBeforeClassMethods(TestMethodWorker.java:170)
	at org.testng.internal.TestMethodWorker.run(TestMethodWorker.java:104)
	at org.testng.TestRunner.privateRun(TestRunner.java:771)
	at org.testng.TestRunner.run(TestRunner.java:621)
	at org.testng.SuiteRunner.runTest(SuiteRunner.java:357)
	at org.testng.SuiteRunner.runSequentially(SuiteRunner.java:352)
	at org.testng.SuiteRunner.privateRun(SuiteRunner.java:310)
	at org.testng.SuiteRunner.run(SuiteRunner.java:259)
	at org.testng.SuiteRunnerWorker.runSuite(SuiteRunnerWorker.java:52)
	at org.testng.SuiteRunnerWorker.run(SuiteRunnerWorker.java:86)
	at org.testng.TestNG.runSuitesSequentially(TestNG.java:1199)
	at org.testng.TestNG.runSuitesLocally(TestNG.java:1124)
	at org.testng.TestNG.run(TestNG.java:1032)
	at org.apache.maven.surefire.testng.TestNGExecutor.run(TestNGExecutor.java:115)
	at org.apache.maven.surefire.testng.TestNGDirectoryTestSuite.executeMulti(TestNGDirectoryTestSuite.java:205)
	at org.apache.maven.surefire.testng.TestNGDirectoryTestSuite.execute(TestNGDirectoryTestSuite.java:108)
	at org.apache.maven.surefire.testng.TestNGProvider.invoke(TestNGProvider.java:111)
	at org.apache.maven.surefire.booter.ForkedBooter.invokeProviderInSameClassLoader(ForkedBooter.java:203)
	at org.apache.maven.surefire.booter.ForkedBooter.runSuitesInProcess(ForkedBooter.java:155)
	at org.apache.maven.surefire.booter.ForkedBooter.main(ForkedBooter.java:103)
</failure>
    <system-out><![CDATA[Configuring TestNG with: TestNG652Configurator
test class: auto.CopyOfDataProviderTest
current time: 8/4/17 9:42 PM
]]></system-out>
  </testcase>
  <testcase name="testDataProviderWithExcel" classname="auto.CopyOfDataProviderTest" time="0">
    <skipped/>
  </testcase>
  <testcase name="testDataProviderWithTestNgAnnotation" classname="auto.CopyOfDataProviderTest" time="0">
    <skipped/>
  </testcase>
  <testcase name="testDataProviderWithTestNgAnnotation" classname="auto.CopyOfDataProviderTest" time="0">
    <skipped/>
  </testcase>
  <testcase name="oneTimeTearDown" classname="auto.CopyOfDataProviderTest" time="0">
    <skipped/>
  </testcase>
  <testcase name="oneTimeSetUp" classname="auto.DataProviderTest" time="0">
    <skipped/>
  </testcase>
  <testcase name="testDataProviderWithExcel" classname="auto.DataProviderTest" time="0">
    <skipped/>
  </testcase>
  <testcase name="testDataProviderWithTestNgAnnotation" classname="auto.DataProviderTest" time="0">
    <skipped/>
  </testcase>
  <testcase name="testDataProviderWithTestNgAnnotation" classname="auto.DataProviderTest" time="0">
    <skipped/>
  </testcase>
  <testcase name="oneTimeTearDown" classname="auto.DataProviderTest" time="0">
    <skipped/>
  </testcase>
  <testcase name="oneTimeSetUp" classname="auto.LoginTest" time="0">
    <skipped/>
  </testcase>
  <testcase name="testLoginWithInValidCredentials" classname="auto.LoginTest" time="0">
    <skipped/>
  </testcase>
  <testcase name="testLoginWithValidCredentials" classname="auto.LoginTest" time="0">
    <skipped/>
  </testcase>
  <testcase name="testSubmitButtonDisabledAfterLoadPage" classname="auto.LoginTest" time="0">
    <skipped/>
  </testcase>
  <testcase name="oneTimeTearDown" classname="auto.LoginTest" time="0">
    <skipped/>
  </testcase>
</testsuite>