<?xml version="1.0" encoding="UTF-8"?>
<testng-results ignored="0" total="2" passed="2" failed="0" skipped="0">
  <reporter-output>
  </reporter-output>
  <suite started-at="2021-10-24T20:03:17 IST" name="Default suite" finished-at="2021-10-24T20:03:22 IST" duration-ms="5232">
    <groups>
    </groups>
    <test started-at="2021-10-24T20:03:17 IST" name="Default test" finished-at="2021-10-24T20:03:22 IST" duration-ms="5232">
      <class name="com.test.Test1">
        <test-method is-config="true" signature="setUp()[pri:0, instance:com.test.Test1@3bf9ce3e]" started-at="2021-10-24T20:02:56 IST" name="setUp" finished-at="2021-10-24T20:03:17 IST" duration-ms="20737" status="PASS">
          <reporter-output>
          </reporter-output>
        </test-method> <!-- setUp -->
        <test-method signature="accessURL()[pri:0, instance:com.test.Test1@3bf9ce3e]" started-at="2021-10-24T20:03:17 IST" name="accessURL" finished-at="2021-10-24T20:03:20 IST" duration-ms="3558" status="PASS">
          <reporter-output>
          </reporter-output>
        </test-method> <!-- accessURL -->
        <test-method signature="login()[pri:0, instance:com.test.Test1@3bf9ce3e]" started-at="2021-10-24T20:03:20 IST" name="login" finished-at="2021-10-24T20:03:22 IST" duration-ms="1640" status="PASS">
          <reporter-output>
          </reporter-output>
        </test-method> <!-- login -->
      </class> <!-- com.test.Test1 -->
    </test> <!-- Default test -->
  </suite> <!-- Default suite -->
</testng-results>
