<?xml version="1.0" encoding="UTF-8"?>
<!-- Generated by org.testng.reporters.JUnitXMLReporter -->
<testsuite hostname="chinmaya-pc" name="Surefire test" tests="9" failures="0" timestamp="8 Apr 2017 16:12:15 GMT" time="0.119" errors="0">
  <testcase name="@BeforeClass oneTimeSetUp" time="0.0" classname="auto.CopyOfDataProviderTest">
    <failure type="java.lang.NullPointerException">
      <![CDATA[java.lang.NullPointerException
	at utils.WebDriverUtils.startWebDriver(WebDriverUtils.java:49)
	at auto.TestBase.startWebdriver(TestBase.java:55)
	at auto.TestBase.oneTimeSetUp(TestBase.java:34)
... Removed 28 stack frames]]>
    </failure>
  </testcase> <!-- @BeforeClass oneTimeSetUp -->
  <testcase name="@AfterClass oneTimeTearDown" time="0.0" classname="auto.CopyOfDataProviderTest">
    <skipped/>
  </testcase> <!-- @AfterClass oneTimeTearDown -->
  <testcase name="@BeforeClass oneTimeSetUp" time="0.0" classname="auto.DataProviderTest">
    <skipped/>
  </testcase> <!-- @BeforeClass oneTimeSetUp -->
  <testcase name="@AfterClass oneTimeTearDown" time="0.0" classname="auto.DataProviderTest">
    <skipped/>
  </testcase> <!-- @AfterClass oneTimeTearDown -->
  <testcase name="@BeforeClass oneTimeSetUp" time="0.0" classname="auto.LoginTest">
    <skipped/>
  </testcase> <!-- @BeforeClass oneTimeSetUp -->
  <testcase name="@AfterClass oneTimeTearDown" time="0.0" classname="auto.LoginTest">
    <skipped/>
  </testcase> <!-- @AfterClass oneTimeTearDown -->
  <testcase name="testDataProviderWithExcel" time="0.0" classname="auto.CopyOfDataProviderTest">
    <skipped/>
  </testcase> <!-- testDataProviderWithExcel -->
  <testcase name="testDataProviderWithTestNgAnnotation" time="0.0" classname="auto.CopyOfDataProviderTest">
    <skipped/>
  </testcase> <!-- testDataProviderWithTestNgAnnotation -->
  <testcase name="testDataProviderWithTestNgAnnotation" time="0.0" classname="auto.CopyOfDataProviderTest">
    <skipped/>
  </testcase> <!-- testDataProviderWithTestNgAnnotation -->
  <testcase name="testDataProviderWithExcel" time="0.001" classname="auto.DataProviderTest">
    <skipped/>
  </testcase> <!-- testDataProviderWithExcel -->
  <testcase name="testDataProviderWithTestNgAnnotation" time="0.0" classname="auto.DataProviderTest">
    <skipped/>
  </testcase> <!-- testDataProviderWithTestNgAnnotation -->
  <testcase name="testDataProviderWithTestNgAnnotation" time="0.001" classname="auto.DataProviderTest">
    <skipped/>
  </testcase> <!-- testDataProviderWithTestNgAnnotation -->
  <testcase name="testLoginWithInValidCredentials" time="0.0" classname="auto.LoginTest">
    <skipped/>
  </testcase> <!-- testLoginWithInValidCredentials -->
  <testcase name="testLoginWithValidCredentials" time="0.0" classname="auto.LoginTest">
    <skipped/>
  </testcase> <!-- testLoginWithValidCredentials -->
  <testcase name="testSubmitButtonDisabledAfterLoadPage" time="0.0" classname="auto.LoginTest">
    <skipped/>
  </testcase> <!-- testSubmitButtonDisabledAfterLoadPage -->
</testsuite> <!-- Surefire test -->
